 EMUNE ver 1.0d 07/21/2009
 snapshot at           1
 snapshot at          25
 snapshot at          50
 snapshot at          75
 snapshot at         100
 snapshot at         125
 snapshot at         150
 snapshot at         175
 snapshot at         200
 snapshot at         225
 snapshot at         250
 snapshot at         275
 snapshot at         300
 snapshot at         325
 snapshot at         350
 snapshot at         375
 snapshot at         400
 snapshot at         425
 snapshot at         450
 snapshot at         475
 snapshot at         500
 computational time(seconds):   57.84517    
