\BOOKMARK [0][-]{chapter.1}{Main Body}{}% 1
\BOOKMARK [1][-]{section.1.1}{Importing Modules}{chapter.1}% 2
\BOOKMARK [1][-]{section.1.2}{def initVel\(x\)}{chapter.1}% 3
\BOOKMARK [1][-]{section.1.3}{def init\(useCython\)}{chapter.1}% 4
\BOOKMARK [1][-]{section.1.4}{def stepTime}{chapter.1}% 5
\BOOKMARK [1][-]{section.1.5}{def run}{chapter.1}% 6
\BOOKMARK [0][-]{chapter.2}{mpm\137imports}{}% 7
\BOOKMARK [0][-]{chapter.3}{datawarehouse}{}% 8
\BOOKMARK [1][-]{section.3.1}{\137\137init\137\137}{chapter.3}% 9
\BOOKMARK [1][-]{section.3.2}{def saveData \046 def checkSave}{chapter.3}% 10
\BOOKMARK [2][-]{subsection.3.2.1}{SaveUtil}{section.3.2}% 11
\BOOKMARK [1][-]{section.3.3}{def addParticles\( self, dwi, pX, pVol, density, shSize \):}{chapter.3}% 12
\BOOKMARK [1][-]{section.3.4}{ def add\( self, label, dwi, val \)}{chapter.3}% 13
\BOOKMARK [1][-]{section.3.5}{ def get\( self, label, dwi \):}{chapter.3}% 14
\BOOKMARK [1][-]{section.3.6}{ def append\( self, label, dwi, val \):}{chapter.3}% 15
\BOOKMARK [1][-]{section.3.7}{ def init\( self, label, dwi, val \):}{chapter.3}% 16
\BOOKMARK [1][-]{section.3.8}{ def toArray\( val \):}{chapter.3}% 17
\BOOKMARK [1][-]{section.3.9}{ def getMult\( self, labels, dwi \):}{chapter.3}% 18
\BOOKMARK [1][-]{section.3.10}{ def createGrid \046 def zeroGrid}{chapter.3}% 19
\BOOKMARK [0][-]{chapter.4}{patch}{}% 20
\BOOKMARK [1][-]{section.4.1}{\137\137init\137\137}{chapter.4}% 21
\BOOKMARK [1][-]{section.4.2}{initGrid\(self\)}{chapter.4}% 22
\BOOKMARK [1][-]{section.4.3}{allInpatch \046 inpatch}{chapter.4}% 23
\BOOKMARK [1][-]{section.4.4}{stepTime}{chapter.4}% 24
\BOOKMARK [0][-]{chapter.5}{material}{}% 25
\BOOKMARK [1][-]{section.5.1}{\137\137init\137\137}{chapter.5}% 26
\BOOKMARK [1][-]{section.5.2}{def updateContributions\( self, dw, patch \):}{chapter.5}% 27
\BOOKMARK [1][-]{section.5.3}{def setVelocity\( self, dw, v \):}{chapter.5}% 28
\BOOKMARK [1][-]{section.5.4}{def setExternalLoad, def setExternalAcceleration \046 def applyExternalLoads}{chapter.5}% 29
\BOOKMARK [1][-]{section.5.5}{interpolateParticlesToGrid\( self, dw, patch \):}{chapter.5}% 30
\BOOKMARK [1][-]{section.5.6}{ computeStressTenso \046 computeInternalForce}{chapter.5}% 31
\BOOKMARK [2][-]{subsection.5.6.1}{MaterialModel}{section.5.6}% 32
\BOOKMARK [1][-]{section.5.7}{ def computeAndIntegrateAcceleration\( self, dw, patch, tol \):}{chapter.5}% 33
\BOOKMARK [1][-]{section.5.8}{ def interpolateToParticlesAndUpdate\( self, dw, patch \): }{chapter.5}% 34
\BOOKMARK [0][-]{chapter.6}{Simplecontact}{}% 35
\BOOKMARK [1][-]{section.6.1}{SimpleContact}{chapter.6}% 36
\BOOKMARK [1][-]{section.6.2}{FreeContact\(SimpleContact\)}{chapter.6}% 37
\BOOKMARK [0][-]{chapter.7}{boundcond}{}% 38
\BOOKMARK [0][-]{chapter.8}{mpmutils}{}% 39
\BOOKMARK [0][-]{chapter.9}{shape2}{}% 40
\BOOKMARK [1][-]{section.9.1}{gimp2}{chapter.9}% 41
\BOOKMARK [2][-]{subsection.9.1.1}{def updateContribList\( dw, patch, dwi\):}{section.9.1}% 42
\BOOKMARK [2][-]{subsection.9.1.2}{def getCell\( patch, pos \):}{section.9.1}% 43
\BOOKMARK [2][-]{subsection.9.1.3}{uSG\( x, h, l \)}{section.9.1}% 44
\BOOKMARK [0][-]{chapter.10}{geomutils}{}% 45
\BOOKMARK [0][-]{chapter.11}{mpm2d}{}% 46
